<?xml version="1.0" encoding="UTF-8" ?>
<testsuite tests="1" failures="1" name="test.Test" time="2.308" errors="0" skipped="0">
  <properties>
[...]
</properties>
  <testcase classname="test.Test" name="test" time="2.308">
    <failure message="The driver executable must be a regular file: C:\Users\Satish\Downloads\chromedriver_win32" type="java.lang.IllegalStateException">java.lang.IllegalStateException: The driver executable must be a regular file: C:\Users\Satish\Downloads\chromedriver_win32
	at org.openqa.selenium.internal.Require$FileStateChecker.isFile(Require.java:318)
	at org.openqa.selenium.remote.service.DriverService.checkExecutable(DriverService.java:147)
	at org.openqa.selenium.remote.service.DriverService.findExecutable(DriverService.java:142)
	at org.openqa.selenium.chrome.ChromeDriverService.access$000(ChromeDriverService.java:38)
	at org.openqa.selenium.chrome.ChromeDriverService$Builder.findDefaultExecutable(ChromeDriverService.java:231)
	at org.openqa.selenium.remote.service.DriverService$Builder.build(DriverService.java:437)
	at org.openqa.selenium.chrome.ChromeDriverService.createDefaultService(ChromeDriverService.java:127)
	at org.openqa.selenium.chrome.ChromeDriver.&lt;init&gt;(ChromeDriver.java:46)
	at test.Test.test(Test.java:15)
</failure>
    <system-out>Configuring TestNG with: org.apache.maven.surefire.testng.conf.TestNG652Configurator@1efed156
webdriver.crome.driver
</system-out>
  </testcase>
</testsuite>