<?xml version="1.0" encoding="UTF-8"?>
<testng-results ignored="0" total="2" passed="1" failed="1" skipped="0">
  <reporter-output>
    <line>
      <![CDATA[the value is set suresh]]>
    </line>
    <line>
      <![CDATA[The searhch box si clicked]]>
    </line>
  </reporter-output>
  <suite started-at="2022-01-28T01:05:11Z" name="Default suite" finished-at="2022-01-28T01:05:19Z" duration-ms="7808">
    <groups>
    </groups>
    <test started-at="2022-01-28T01:05:11Z" name="Default test" finished-at="2022-01-28T01:05:19Z" duration-ms="7808">
      <class name="Testcases.TC_TestCase">
        <test-method signature="tc_searchInGoogle(java.lang.String, java.lang.String)[pri:0, instance:Testcases.TC_TestCase@345f69f3]" started-at="2022-01-28T01:05:11Z" name="tc_searchInGoogle" data-provider="data-provider" finished-at="2022-01-28T01:05:19Z" duration-ms="7756" status="PASS">
          <params>
            <param index="0">
              <value>
                <![CDATA[Chrome]]>
              </value>
            </param>
            <param index="1">
              <value>
                <![CDATA[suresh]]>
              </value>
            </param>
          </params>
          <reporter-output>
            <line>
              <![CDATA[the value is set suresh]]>
            </line>
            <line>
              <![CDATA[The searhch box si clicked]]>
            </line>
          </reporter-output>
        </test-method> <!-- tc_searchInGoogle -->
        <test-method signature="tc_searchInGoogle(java.lang.String, java.lang.String)[pri:0, instance:Testcases.TC_TestCase@345f69f3]" started-at="2022-01-28T01:05:19Z" name="tc_searchInGoogle" data-provider="data-provider" finished-at="2022-01-28T01:05:19Z" duration-ms="2" status="FAIL">
          <params>
            <param index="0">
              <value>
                <![CDATA[FF]]>
              </value>
            </param>
            <param index="1">
              <value>
                <![CDATA[satish]]>
              </value>
            </param>
          </params>
          <exception class="java.lang.NullPointerException">
            <message>
              <![CDATA[Cannot invoke "org.openqa.selenium.WebDriver.manage()" because "driver" is null]]>
            </message>
            <full-stacktrace>
              <![CDATA[java.lang.NullPointerException: Cannot invoke "org.openqa.selenium.WebDriver.manage()" because "driver" is null
at Utils.Browser.getDriver(Browser.java:38)
at Testcases.TC_TestCase.tc_searchInGoogle(TC_TestCase.java:27)
at java.base/jdk.internal.reflect.NativeMethodAccessorImpl.invoke0(Native Method)
at java.base/jdk.internal.reflect.NativeMethodAccessorImpl.invoke(NativeMethodAccessorImpl.java:77)
at java.base/jdk.internal.reflect.DelegatingMethodAccessorImpl.invoke(DelegatingMethodAccessorImpl.java:43)
at java.base/java.lang.reflect.Method.invoke(Method.java:568)
at org.testng.internal.MethodInvocationHelper.invokeMethod(MethodInvocationHelper.java:124)
at org.testng.internal.Invoker.invokeMethod(Invoker.java:583)
at org.testng.internal.Invoker.invokeTestMethod(Invoker.java:719)
at org.testng.internal.Invoker.invokeTestMethods(Invoker.java:989)
at org.testng.internal.TestMethodWorker.invokeTestMethods(TestMethodWorker.java:125)
at org.testng.internal.TestMethodWorker.run(TestMethodWorker.java:109)
at org.testng.TestRunner.privateRun(TestRunner.java:648)
at org.testng.TestRunner.run(TestRunner.java:505)
at org.testng.SuiteRunner.runTest(SuiteRunner.java:455)
at org.testng.SuiteRunner.runSequentially(SuiteRunner.java:450)
at org.testng.SuiteRunner.privateRun(SuiteRunner.java:415)
at org.testng.SuiteRunner.run(SuiteRunner.java:364)
at org.testng.SuiteRunnerWorker.runSuite(SuiteRunnerWorker.java:52)
at org.testng.SuiteRunnerWorker.run(SuiteRunnerWorker.java:84)
at org.testng.TestNG.runSuitesSequentially(TestNG.java:1208)
at org.testng.TestNG.runSuitesLocally(TestNG.java:1137)
at org.testng.TestNG.runSuites(TestNG.java:1049)
at org.testng.TestNG.run(TestNG.java:1017)
at org.testng.remote.AbstractRemoteTestNG.run(AbstractRemoteTestNG.java:115)
at org.testng.remote.RemoteTestNG.initAndRun(RemoteTestNG.java:251)
at org.testng.remote.RemoteTestNG.main(RemoteTestNG.java:77)
]]>
            </full-stacktrace>
          </exception> <!-- java.lang.NullPointerException -->
          <reporter-output>
          </reporter-output>
        </test-method> <!-- tc_searchInGoogle -->
      </class> <!-- Testcases.TC_TestCase -->
    </test> <!-- Default test -->
  </suite> <!-- Default suite -->
</testng-results>
